time_and_space/Library/Bee/Android/Prj/IL2CPP/Gradle/launcher/build/intermediates/manifest_merge_blame_file/release/manifest-merger-blame-release-report.txt
1<?xml version="1.0" encoding="utf-8"?>
2<manifest xmlns:android="http://schemas.android.com/apk/res/android"
3    package="com.DefaultCompany.spaceTime"
4    android:installLocation="preferExternal"
5    android:versionCode="1"
6    android:versionName="0.1" >
7
8    <uses-sdk
9        android:minSdkVersion="23"
9-->src\main\AndroidManifest.xml
10        android:targetSdkVersion="35" />
10-->src\main\AndroidManifest.xml
11
12    <supports-screens
12-->src\main\AndroidManifest.xml:4:3-163
13        android:anyDensity="true"
13-->src\main\AndroidManifest.xml:4:135-160
14        android:largeScreens="true"
14-->src\main\AndroidManifest.xml:4:78-105
15        android:normalScreens="true"
15-->src\main\AndroidManifest.xml:4:49-77
16        android:smallScreens="true"
16-->src\main\AndroidManifest.xml:4:21-48
17        android:xlargeScreens="true" />
17-->src\main\AndroidManifest.xml:4:106-134
18
19    <uses-permission android:name="android.permission.INTERNET" />
19-->[:unityLibrary] AndroidManifest.xml:8:5-67
19-->[:unityLibrary] AndroidManifest.xml:8:22-64
20
21    <uses-feature android:glEsVersion="0x00030000" />
21-->[:unityLibrary] AndroidManifest.xml:10:5-54
21-->[:unityLibrary] AndroidManifest.xml:10:19-51
22    <uses-feature
22-->[:unityLibrary] AndroidManifest.xml:11:5-13:36
23        android:name="android.hardware.touchscreen"
23-->[:unityLibrary] AndroidManifest.xml:12:9-52
24        android:required="false" />
24-->[:unityLibrary] AndroidManifest.xml:13:9-33
25    <uses-feature
25-->[:unityLibrary] AndroidManifest.xml:14:5-16:36
26        android:name="android.hardware.touchscreen.multitouch"
26-->[:unityLibrary] AndroidManifest.xml:15:9-63
27        android:required="false" />
27-->[:unityLibrary] AndroidManifest.xml:16:9-33
28    <uses-feature
28-->[:unityLibrary] AndroidManifest.xml:17:5-19:36
29        android:name="android.hardware.touchscreen.multitouch.distinct"
29-->[:unityLibrary] AndroidManifest.xml:18:9-72
30        android:required="false" />
30-->[:unityLibrary] AndroidManifest.xml:19:9-33
31    <uses-feature
31-->[:unityLibrary:xrmanifest.androidlib] AndroidManifest.xml:7:5-10:31
32        android:name="android.hardware.vr.headtracking"
32-->[:unityLibrary:xrmanifest.androidlib] AndroidManifest.xml:8:9-56
33        android:required="true"
33-->[:unityLibrary:xrmanifest.androidlib] AndroidManifest.xml:9:9-32
34        android:version="1" />
34-->[:unityLibrary:xrmanifest.androidlib] AndroidManifest.xml:10:9-28
35
36    <uses-permission android:name="android.permission.WRITE_EXTERNAL_STORAGE" />
37    <uses-permission android:name="android.permission.READ_PHONE_STATE" />
38    <uses-permission android:name="android.permission.READ_EXTERNAL_STORAGE" />
39
40    <application
40-->src\main\AndroidManifest.xml:3:3-83
41        android:extractNativeLibs="true"
41-->[:unityLibrary] AndroidManifest.xml:21:18-50
42        android:icon="@mipmap/app_icon"
42-->src\main\AndroidManifest.xml:3:49-80
43        android:label="@string/app_name" >
43-->src\main\AndroidManifest.xml:3:16-48
44        <meta-data
44-->[:unityLibrary] AndroidManifest.xml:22:9-24:33
45            android:name="unity.splash-mode"
45-->[:unityLibrary] AndroidManifest.xml:23:13-45
46            android:value="0" />
46-->[:unityLibrary] AndroidManifest.xml:24:13-30
47        <meta-data
47-->[:unityLibrary] AndroidManifest.xml:25:9-27:36
48            android:name="unity.splash-enable"
48-->[:unityLibrary] AndroidManifest.xml:26:13-47
49            android:value="True" />
49-->[:unityLibrary] AndroidManifest.xml:27:13-33
50        <meta-data
50-->[:unityLibrary] AndroidManifest.xml:28:9-30:36
51            android:name="unity.launch-fullscreen"
51-->[:unityLibrary] AndroidManifest.xml:29:13-51
52            android:value="True" />
52-->[:unityLibrary] AndroidManifest.xml:30:13-33
53        <meta-data
53-->[:unityLibrary] AndroidManifest.xml:31:9-33:36
54            android:name="unity.render-outside-safearea"
54-->[:unityLibrary] AndroidManifest.xml:32:13-57
55            android:value="True" />
55-->[:unityLibrary] AndroidManifest.xml:33:13-33
56        <meta-data
56-->[:unityLibrary] AndroidManifest.xml:34:9-36:50
57            android:name="notch.config"
57-->[:unityLibrary] AndroidManifest.xml:35:13-40
58            android:value="portrait|landscape" />
58-->[:unityLibrary] AndroidManifest.xml:36:13-47
59        <meta-data
59-->[:unityLibrary] AndroidManifest.xml:37:9-39:36
60            android:name="unity.auto-report-fully-drawn"
60-->[:unityLibrary] AndroidManifest.xml:38:13-57
61            android:value="true" />
61-->[:unityLibrary] AndroidManifest.xml:39:13-33
62
63        <activity
63-->[:unityLibrary] AndroidManifest.xml:41:9-64:20
64            android:name="com.unity3d.player.UnityPlayerActivity"
64-->[:unityLibrary] AndroidManifest.xml:42:13-66
65            android:configChanges="mcc|mnc|locale|touchscreen|keyboard|keyboardHidden|navigation|orientation|screenLayout|uiMode|screenSize|smallestScreenSize|fontScale|layoutDirection|density"
65-->[:unityLibrary] AndroidManifest.xml:43:13-194
66            android:exported="true"
66-->[:unityLibrary] AndroidManifest.xml:44:13-36
67            android:hardwareAccelerated="false"
67-->[:unityLibrary] AndroidManifest.xml:45:13-48
68            android:launchMode="singleTask"
68-->[:unityLibrary] AndroidManifest.xml:46:13-44
69            android:resizeableActivity="false"
69-->[:unityLibrary] AndroidManifest.xml:47:13-47
70            android:screenOrientation="fullUser"
70-->[:unityLibrary] AndroidManifest.xml:48:13-49
71            android:theme="@style/UnityThemeSelector" >
71-->[:unityLibrary] AndroidManifest.xml:49:13-54
72            <intent-filter>
72-->[:unityLibrary] AndroidManifest.xml:50:13-56:29
73                <category android:name="android.intent.category.LAUNCHER" />
73-->[:unityLibrary] AndroidManifest.xml:51:17-77
73-->[:unityLibrary] AndroidManifest.xml:51:27-74
74
75                <action android:name="android.intent.action.MAIN" />
75-->[:unityLibrary] AndroidManifest.xml:53:17-69
75-->[:unityLibrary] AndroidManifest.xml:53:25-66
76
77                <category android:name="com.oculus.intent.category.VR" />
77-->[:unityLibrary] AndroidManifest.xml:55:17-74
77-->[:unityLibrary] AndroidManifest.xml:55:27-71
78            </intent-filter>
79
80            <meta-data
80-->[:unityLibrary] AndroidManifest.xml:58:13-60:40
81                android:name="unityplayer.UnityActivity"
81-->[:unityLibrary] AndroidManifest.xml:59:17-57
82                android:value="true" />
82-->[:unityLibrary] AndroidManifest.xml:60:17-37
83            <meta-data
83-->[:unityLibrary] AndroidManifest.xml:61:13-63:40
84                android:name="notch_support"
84-->[:unityLibrary] AndroidManifest.xml:62:17-45
85                android:value="true" />
85-->[:unityLibrary] AndroidManifest.xml:63:17-37
86            <meta-data
86-->[:unityLibrary:xrmanifest.androidlib] AndroidManifest.xml:16:13-18:40
87                android:name="com.oculus.vr.focusaware"
87-->[:unityLibrary:xrmanifest.androidlib] AndroidManifest.xml:17:17-56
88                android:value="true" />
88-->[:unityLibrary:xrmanifest.androidlib] AndroidManifest.xml:18:17-37
89        </activity>
90
91        <meta-data
91-->[:unityLibrary:xrmanifest.androidlib] AndroidManifest.xml:21:9-23:59
92            android:name="com.oculus.supportedDevices"
92-->[:unityLibrary:xrmanifest.androidlib] AndroidManifest.xml:22:13-55
93            android:value="quest|quest2|cambria|eureka" />
93-->[:unityLibrary:xrmanifest.androidlib] AndroidManifest.xml:23:13-56
94    </application>
95
96</manifest>